0 info it worked if it ends with ok
1 verbose cli [ 'D:\\Programming\\node.js\\node.exe',
1 verbose cli   'D:\\Programming\\node.js\\node_modules\\npm\\bin\\npm-cli.js',
1 verbose cli   'run',
1 verbose cli   'lite' ]
2 info using npm@3.10.8
3 info using node@v6.8.1
4 verbose run-script [ 'prelite', 'lite', 'postlite' ]
5 info lifecycle AngularDemo@~prelite: AngularDemo@
6 silly lifecycle AngularDemo@~prelite: no script for prelite, continuing
7 info lifecycle AngularDemo@~lite: AngularDemo@
8 verbose lifecycle AngularDemo@~lite: unsafe-perm in lifecycle true
9 verbose lifecycle AngularDemo@~lite: PATH: D:\Programming\node.js\node_modules\npm\bin\node-gyp-bin;D:\个人\smu\Junior\Graphical User Interface\Lab\VolunteerMe\node_modules\.bin;D:\Programming\node.js\node_modules\npm\bin\node-gyp-bin;D:\个人\smu\Junior\Graphical User Interface\Lab\VolunteerMe\node_modules\.bin;C:\MinGW\bin;C:\MinGW\libexec\gcc\x86_64-pc-mingw32\6.1.0;C:\ProgramData\Oracle\Java\javapath;C:\Windows\system32;C:\Windows;C:\Windows\System32\Wbem;C:\Windows\System32\WindowsPowerShell\v1.0\;C:\Program Files (x86)\NVIDIA Corporation\PhysX\Common;C:\WINDOWS\system32;C:\WINDOWS;C:\WINDOWS\System32\Wbem;C:\WINDOWS\System32\WindowsPowerShell\v1.0\;D:\Programming\node.js\;D:\Programming\GOLANG\bin;C:\Users\leima\AppData\Local\Microsoft\WindowsApps;C:\Users\leima\AppData\Roaming\npm;D:\Programming\Microsoft VS Code\bin
10 verbose lifecycle AngularDemo@~lite: CWD: D:\个人\smu\Junior\Graphical User Interface\Lab\VolunteerMe
11 silly lifecycle AngularDemo@~lite: Args: [ '/d /s /c', 'lite-server' ]
12 silly lifecycle AngularDemo@~lite: Returned: code: 1  signal: null
13 info lifecycle AngularDemo@~lite: Failed to exec lite script
14 verbose stack Error: AngularDemo@ lite: `lite-server`
14 verbose stack Exit status 1
14 verbose stack     at EventEmitter.<anonymous> (D:\Programming\node.js\node_modules\npm\lib\utils\lifecycle.js:255:16)
14 verbose stack     at emitTwo (events.js:106:13)
14 verbose stack     at EventEmitter.emit (events.js:191:7)
14 verbose stack     at ChildProcess.<anonymous> (D:\Programming\node.js\node_modules\npm\lib\utils\spawn.js:40:14)
14 verbose stack     at emitTwo (events.js:106:13)
14 verbose stack     at ChildProcess.emit (events.js:191:7)
14 verbose stack     at maybeClose (internal/child_process.js:877:16)
14 verbose stack     at Process.ChildProcess._handle.onexit (internal/child_process.js:226:5)
15 verbose pkgid AngularDemo@
16 verbose cwd D:\个人\smu\Junior\Graphical User Interface\Lab\VolunteerMe
17 error Windows_NT 10.0.14393
18 error argv "D:\\Programming\\node.js\\node.exe" "D:\\Programming\\node.js\\node_modules\\npm\\bin\\npm-cli.js" "run" "lite"
19 error node v6.8.1
20 error npm  v3.10.8
21 error code ELIFECYCLE
22 error AngularDemo@ lite: `lite-server`
22 error Exit status 1
23 error Failed at the AngularDemo@ lite script 'lite-server'.
23 error Make sure you have the latest version of node.js and npm installed.
23 error If you do, this is most likely a problem with the AngularDemo package,
23 error not with npm itself.
23 error Tell the author that this fails on your system:
23 error     lite-server
23 error You can get information on how to open an issue for this project with:
23 error     npm bugs AngularDemo
23 error Or if that isn't available, you can get their info via:
23 error     npm owner ls AngularDemo
23 error There is likely additional logging output above.
24 verbose exit [ 1, true ]
